Using pre-set license
Built from '2020.3/staging' branch; Version is '2020.3.48f1 (b805b124c6b7) revision 12060081'; Using compiler version '192528614'; Build Type 'Release'
OS: 'Windows 11  (10.0.22621) 64bit CoreCountrySpecific' Language: 'zh' Physical Memory: 65283 MB
BatchMode: 1, IsHumanControllingUs: 0, StartBugReporterOnCrash: 0, Is64bit: 1, IsPro: 0

COMMAND LINE ARGUMENTS:
C:\Program Files\Unity\Hub\Editor\2020.3.48f1\Editor\Unity.exe
-adb2
-batchMode
-noUpm
-name
AssetImportWorker0
-projectPath
D:/Unity Projects/Essentials of real-time 3D
-logFile
Logs/AssetImportWorker0.log
-srvPort
13969
Successfully changed project path to: D:/Unity Projects/Essentials of real-time 3D
D:/Unity Projects/Essentials of real-time 3D
Using Asset Import Pipeline V2.
Player connection [21940] Host "[IP] 192.168.56.1 [Port] 73 [Flags] 2 [Guid] 4287454127 [EditorId] 4287454127 [Version] 1048832 [Id] WindowsEditor(7,LAPTOP-2E2GLV3V) [Debug] 1 [PackageName] WindowsEditor [ProjectName] Editor" joined multi-casting on [225.0.0.222:54997]...

Player connection [21940] Host "[IP] 192.168.56.1 [Port] 73 [Flags] 2 [Guid] 4287454127 [EditorId] 4287454127 [Version] 1048832 [Id] WindowsEditor(7,LAPTOP-2E2GLV3V) [Debug] 1 [PackageName] WindowsEditor [ProjectName] Editor" joined alternative multi-casting on [225.0.0.222:34997]...

Refreshing native plugins compatible for Editor in 23.23 ms, found 2 plugins.
Preloading 0 native plugins for Editor in 0.00 ms.
Initialize engine version: 2020.3.48f1 (b805b124c6b7)
[Subsystems] Discovering subsystems at path C:/Program Files/Unity/Hub/Editor/2020.3.48f1/Editor/Data/Resources/UnitySubsystems
[Subsystems] Discovering subsystems at path D:/Unity Projects/Essentials of real-time 3D/Assets
GfxDevice: creating device client; threaded=0
Direct3D:
    Version:  Direct3D 11.0 [level 11.1]
    Renderer: NVIDIA GeForce RTX 3080 Laptop GPU (ID=0x249c)
    Vendor:   
    VRAM:     16191 MB
    Driver:   31.0.15.3118
Initialize mono
Mono path[0] = 'C:/Program Files/Unity/Hub/Editor/2020.3.48f1/Editor/Data/Managed'
Mono path[1] = 'C:/Program Files/Unity/Hub/Editor/2020.3.48f1/Editor/Data/MonoBleedingEdge/lib/mono/unityjit'
Mono config path = 'C:/Program Files/Unity/Hub/Editor/2020.3.48f1/Editor/Data/MonoBleedingEdge/etc'
Using monoOptions --debugger-agent=transport=dt_socket,embedding=1,server=y,suspend=n,address=127.0.0.1:56680
Begin MonoManager ReloadAssembly
Registering precompiled unity dll's ...
Register platform support module: C:/Program Files/Unity/Hub/Editor/2020.3.48f1/Editor/Data/PlaybackEngines/WebGLSupport/UnityEditor.WebGL.Extensions.dll
Register platform support module: C:/Program Files/Unity/Hub/Editor/2020.3.48f1/Editor/Data/PlaybackEngines/WindowsStandaloneSupport/UnityEditor.WindowsStandalone.Extensions.dll
Registered in 0.003723 seconds.
Native extension for WindowsStandalone target not found
Native extension for WebGL target not found
Refreshing native plugins compatible for Editor in 20.22 ms, found 2 plugins.
Preloading 0 native plugins for Editor in 0.00 ms.
Mono: successfully reloaded assembly
- Completed reload, in  0.435 seconds
Domain Reload Profiling:
	ReloadAssembly (435ms)
		BeginReloadAssembly (65ms)
			ExecutionOrderSort (0ms)
			DisableScriptedObjects (0ms)
			BackupInstance (0ms)
			ReleaseScriptingObjects (0ms)
			CreateAndSetChildDomain (1ms)
		EndReloadAssembly (309ms)
			LoadAssemblies (62ms)
			RebuildTransferFunctionScriptingTraits (0ms)
			SetupTypeCache (95ms)
			ReleaseScriptCaches (0ms)
			RebuildScriptCaches (21ms)
			SetupLoadedEditorAssemblies (108ms)
				LogAssemblyErrors (0ms)
				InitializePlatformSupportModulesInManaged (4ms)
				SetLoadedEditorAssemblies (0ms)
				RefreshPlugins (20ms)
				BeforeProcessingInitializeOnLoad (7ms)
				ProcessInitializeOnLoadAttributes (57ms)
				ProcessInitializeOnLoadMethodAttributes (19ms)
				AfterProcessingInitializeOnLoad (0ms)
				EditorAssembliesLoaded (0ms)
			ExecutionOrderSort2 (0ms)
			AwakeInstancesAfterBackupRestoration (0ms)
Platform modules already initialized, skipping
Registering precompiled user dll's ...
Registered in 0.002030 seconds.
Begin MonoManager ReloadAssembly
Native extension for WindowsStandalone target not found
Native extension for WebGL target not found
Refreshing native plugins compatible for Editor in 22.03 ms, found 2 plugins.
Preloading 0 native plugins for Editor in 0.00 ms.
Mono: successfully reloaded assembly
- Completed reload, in  0.831 seconds
Domain Reload Profiling:
	ReloadAssembly (832ms)
		BeginReloadAssembly (140ms)
			ExecutionOrderSort (0ms)
			DisableScriptedObjects (4ms)
			BackupInstance (0ms)
			ReleaseScriptingObjects (0ms)
			CreateAndSetChildDomain (15ms)
		EndReloadAssembly (639ms)
			LoadAssemblies (94ms)
			RebuildTransferFunctionScriptingTraits (0ms)
			SetupTypeCache (213ms)
			ReleaseScriptCaches (0ms)
			RebuildScriptCaches (32ms)
			SetupLoadedEditorAssemblies (240ms)
				LogAssemblyErrors (0ms)
				InitializePlatformSupportModulesInManaged (4ms)
				SetLoadedEditorAssemblies (0ms)
				RefreshPlugins (22ms)
				BeforeProcessingInitializeOnLoad (48ms)
				ProcessInitializeOnLoadAttributes (145ms)
				ProcessInitializeOnLoadMethodAttributes (9ms)
				AfterProcessingInitializeOnLoad (12ms)
				EditorAssembliesLoaded (0ms)
			ExecutionOrderSort2 (0ms)
			AwakeInstancesAfterBackupRestoration (1ms)
Platform modules already initialized, skipping
========================================================================
Worker process is ready to serve import requests
Launched and connected shader compiler UnityShaderCompiler.exe after 0.04 seconds
Refreshing native plugins compatible for Editor in 0.27 ms, found 2 plugins.
Preloading 0 native plugins for Editor in 0.00 ms.
Unloading 1462 Unused Serialized files (Serialized files now loaded: 0)
System memory in use before: 72.1 MB.
System memory in use after: 72.1 MB.

Unloading 18 unused Assets to reduce memory usage. Loaded Objects now: 1900.
Total: 1.921900 ms (FindLiveObjects: 0.087200 ms CreateObjectMapping: 0.023700 ms MarkObjects: 1.730900 ms  DeleteObjects: 0.079400 ms)

AssetImportParameters requested are different than current active one (requested -> active):
  custom:framework-win-MediaFoundation: 216162199b28c13a410421893ffa2e32 -> 
  custom:video-decoder-ogg-theora: a1e56fd34408186e4bbccfd4996cb3dc -> 
  custom:container-muxer-webm: aa71ff27fc2769a1b78a27578f13a17b -> 
  custom:container-demuxer-webm: 4f35f7cbe854078d1ac9338744f61a02 -> 
  custom:container-demuxer-ogg: 62fdf1f143b41e24485cea50d1cbac27 -> 
  custom:video-encoder-webm-vp8: eb34c28f22e8b96e1ab97ce403110664 -> 
  custom:video-decoder-webm-vp8: 9c59270c3fd7afecdb556c50c9e8de78 -> 
  custom:audio-decoder-ogg-vorbis: bf7c407c2cedff20999df2af8eb42d56 -> 
  custom:audio-encoder-webm-vorbis: bf7c407c2cedff20999df2af8eb42d56 -> 
========================================================================
Received Import Request.
  path: Assets/Ground textures pack/Ground & weeds
  artifactKey: Guid(d9d3dbde1430d4d439edcec1995cfcf5) Importer(815301076,1909f56bfc062723c751e8b465ee728b)
Start importing Assets/Ground textures pack/Ground & weeds using Guid(d9d3dbde1430d4d439edcec1995cfcf5) Importer(815301076,1909f56bfc062723c751e8b465ee728b)  -> (artifact id: '14b6c9d5aeaf6fa20e412b856dfed1e0') in 0.004395 seconds 
========================================================================
Received Import Request.
  Time since last request: 10.958717 seconds.
  path: Assets/Ground textures pack/Ground & rocks 03
  artifactKey: Guid(8929ec05827783343ba461b3e940bdd0) Importer(815301076,1909f56bfc062723c751e8b465ee728b)
Start importing Assets/Ground textures pack/Ground & rocks 03 using Guid(8929ec05827783343ba461b3e940bdd0) Importer(815301076,1909f56bfc062723c751e8b465ee728b)  -> (artifact id: 'f1e1c1d4d8ec59d9ef32bfea24d941e1') in 0.002241 seconds 
========================================================================
Received Import Request.
  Time since last request: 0.358312 seconds.
  path: Assets/Ground textures pack/Ground & rocks 02
  artifactKey: Guid(aed40da47e17a63439dc63aefd359653) Importer(815301076,1909f56bfc062723c751e8b465ee728b)
Start importing Assets/Ground textures pack/Ground & rocks 02 using Guid(aed40da47e17a63439dc63aefd359653) Importer(815301076,1909f56bfc062723c751e8b465ee728b)  -> (artifact id: 'd4b9b90f49210cf0a57dc995d56b54dd') in 0.002157 seconds 
========================================================================
Received Import Request.
  Time since last request: 0.425006 seconds.
  path: Assets/Ground textures pack/Ground & rocks 01
  artifactKey: Guid(8540c095755f98c46863ff526fa4b3d2) Importer(815301076,1909f56bfc062723c751e8b465ee728b)
Start importing Assets/Ground textures pack/Ground & rocks 01 using Guid(8540c095755f98c46863ff526fa4b3d2) Importer(815301076,1909f56bfc062723c751e8b465ee728b)  -> (artifact id: 'f921e3c3ea4c178308bd8540065158fe') in 0.002307 seconds 
========================================================================
Received Import Request.
  Time since last request: 0.346626 seconds.
  path: Assets/Ground textures pack/Ground & moss
  artifactKey: Guid(ba414713bb8ada945a2a117ec135602e) Importer(815301076,1909f56bfc062723c751e8b465ee728b)
Start importing Assets/Ground textures pack/Ground & moss using Guid(ba414713bb8ada945a2a117ec135602e) Importer(815301076,1909f56bfc062723c751e8b465ee728b)  -> (artifact id: '76d9e69eb60179be2ba00f9a620bd84a') in 0.002261 seconds 
========================================================================
Received Import Request.
  Time since last request: 0.353003 seconds.
  path: Assets/Ground textures pack/Grass 06
  artifactKey: Guid(505f8494da8fe674fbb3b0279d99185d) Importer(815301076,1909f56bfc062723c751e8b465ee728b)
Start importing Assets/Ground textures pack/Grass 06 using Guid(505f8494da8fe674fbb3b0279d99185d) Importer(815301076,1909f56bfc062723c751e8b465ee728b)  -> (artifact id: '2da1eea86e8cadf61464aeea926a242c') in 0.002150 seconds 
========================================================================
Received Import Request.
  Time since last request: 0.354850 seconds.
  path: Assets/Ground textures pack/Grass 04
  artifactKey: Guid(57d67f39452aad94b98c31c4c446b0c0) Importer(815301076,1909f56bfc062723c751e8b465ee728b)
Start importing Assets/Ground textures pack/Grass 04 using Guid(57d67f39452aad94b98c31c4c446b0c0) Importer(815301076,1909f56bfc062723c751e8b465ee728b)  -> (artifact id: '7fee3fb657e78f261e81a8c4f6cf6a5e') in 0.002550 seconds 
========================================================================
Received Import Request.
  Time since last request: 0.885482 seconds.
  path: Assets/Ground textures pack/Grass 03
  artifactKey: Guid(a8d2dafea14bfa14085e38a6be39c54b) Importer(815301076,1909f56bfc062723c751e8b465ee728b)
Start importing Assets/Ground textures pack/Grass 03 using Guid(a8d2dafea14bfa14085e38a6be39c54b) Importer(815301076,1909f56bfc062723c751e8b465ee728b)  -> (artifact id: '421a8985fcedee798f63c45b19e1f42c') in 0.002046 seconds 
========================================================================
Received Import Request.
  Time since last request: 0.347417 seconds.
  path: Assets/Ground textures pack/Grass 02
  artifactKey: Guid(8e066a0f4c9095f45a86ea1f4acad153) Importer(815301076,1909f56bfc062723c751e8b465ee728b)
Start importing Assets/Ground textures pack/Grass 02 using Guid(8e066a0f4c9095f45a86ea1f4acad153) Importer(815301076,1909f56bfc062723c751e8b465ee728b)  -> (artifact id: '279c9a4dc167e1a40f835a93403b52f2') in 0.002062 seconds 
========================================================================
Received Import Request.
  Time since last request: 0.390513 seconds.
  path: Assets/Ground textures pack/Grass 01
  artifactKey: Guid(ad09c2ce8fa935d42b285592f03e0d84) Importer(815301076,1909f56bfc062723c751e8b465ee728b)
Start importing Assets/Ground textures pack/Grass 01 using Guid(ad09c2ce8fa935d42b285592f03e0d84) Importer(815301076,1909f56bfc062723c751e8b465ee728b)  -> (artifact id: 'f2456840932b16f7ccd4ce725b3cb636') in 0.002004 seconds 
========================================================================
Received Import Request.
  Time since last request: 0.683015 seconds.
  path: Assets/Ground textures pack/Grass & dead leafs 02
  artifactKey: Guid(cae18558df1d22e48b47b51d3d33974d) Importer(815301076,1909f56bfc062723c751e8b465ee728b)
Start importing Assets/Ground textures pack/Grass & dead leafs 02 using Guid(cae18558df1d22e48b47b51d3d33974d) Importer(815301076,1909f56bfc062723c751e8b465ee728b)  -> (artifact id: 'dfe2104fc96e66f306e96a2275577dbd') in 0.002011 seconds 
========================================================================
Received Import Request.
  Time since last request: 0.870399 seconds.
  path: Assets/Ground textures pack/Grass & dead leafs 01
  artifactKey: Guid(c6c89844c52772742bd7fdf89bd086b5) Importer(815301076,1909f56bfc062723c751e8b465ee728b)
Start importing Assets/Ground textures pack/Grass & dead leafs 01 using Guid(c6c89844c52772742bd7fdf89bd086b5) Importer(815301076,1909f56bfc062723c751e8b465ee728b)  -> (artifact id: '856656a40cbf95c2283c544dc6763ac2') in 0.002141 seconds 
========================================================================
Received Import Request.
  Time since last request: 0.356770 seconds.
  path: Assets/Ground textures pack/Dry ground
  artifactKey: Guid(fcfab9a490885f84db84b6609e82ed7d) Importer(815301076,1909f56bfc062723c751e8b465ee728b)
Start importing Assets/Ground textures pack/Dry ground using Guid(fcfab9a490885f84db84b6609e82ed7d) Importer(815301076,1909f56bfc062723c751e8b465ee728b)  -> (artifact id: 'b2f436271df05dd1211369f33d83d5b0') in 0.002614 seconds 
========================================================================
Received Prepare
Registering precompiled user dll's ...
Registered in 0.001679 seconds.
Begin MonoManager ReloadAssembly
Native extension for WindowsStandalone target not found
Native extension for WebGL target not found
Refreshing native plugins compatible for Editor in 0.27 ms, found 2 plugins.
Preloading 0 native plugins for Editor in 0.00 ms.
Mono: successfully reloaded assembly
- Completed reload, in  0.718 seconds
Domain Reload Profiling:
	ReloadAssembly (718ms)
		BeginReloadAssembly (109ms)
			ExecutionOrderSort (0ms)
			DisableScriptedObjects (3ms)
			BackupInstance (0ms)
			ReleaseScriptingObjects (0ms)
			CreateAndSetChildDomain (23ms)
		EndReloadAssembly (555ms)
			LoadAssemblies (95ms)
			RebuildTransferFunctionScriptingTraits (0ms)
			SetupTypeCache (187ms)
			ReleaseScriptCaches (1ms)
			RebuildScriptCaches (26ms)
			SetupLoadedEditorAssemblies (214ms)
				LogAssemblyErrors (0ms)
				InitializePlatformSupportModulesInManaged (4ms)
				SetLoadedEditorAssemblies (0ms)
				RefreshPlugins (0ms)
				BeforeProcessingInitializeOnLoad (43ms)
				ProcessInitializeOnLoadAttributes (147ms)
				ProcessInitializeOnLoadMethodAttributes (8ms)
				AfterProcessingInitializeOnLoad (11ms)
				EditorAssembliesLoaded (0ms)
			ExecutionOrderSort2 (0ms)
			AwakeInstancesAfterBackupRestoration (1ms)
Platform modules already initialized, skipping
Refreshing native plugins compatible for Editor in 0.26 ms, found 2 plugins.
Preloading 0 native plugins for Editor in 0.00 ms.
Unloading 1457 Unused Serialized files (Serialized files now loaded: 0)
System memory in use before: 72.0 MB.
System memory in use after: 72.1 MB.

Unloading 13 unused Assets to reduce memory usage. Loaded Objects now: 1903.
Total: 1.942100 ms (FindLiveObjects: 0.089700 ms CreateObjectMapping: 0.024400 ms MarkObjects: 1.773600 ms  DeleteObjects: 0.053800 ms)

AssetImportParameters requested are different than current active one (requested -> active):
  custom:framework-win-MediaFoundation: 216162199b28c13a410421893ffa2e32 -> 
  custom:video-decoder-ogg-theora: a1e56fd34408186e4bbccfd4996cb3dc -> 
  custom:container-muxer-webm: aa71ff27fc2769a1b78a27578f13a17b -> 
  custom:container-demuxer-webm: 4f35f7cbe854078d1ac9338744f61a02 -> 
  custom:container-demuxer-ogg: 62fdf1f143b41e24485cea50d1cbac27 -> 
  custom:video-encoder-webm-vp8: eb34c28f22e8b96e1ab97ce403110664 -> 
  custom:video-decoder-webm-vp8: 9c59270c3fd7afecdb556c50c9e8de78 -> 
  custom:audio-decoder-ogg-vorbis: bf7c407c2cedff20999df2af8eb42d56 -> 
  custom:audio-encoder-webm-vorbis: bf7c407c2cedff20999df2af8eb42d56 -> 
AssetImportWorkerClient::OnTransportError - code=2 error=End of file
